<?xml version="1.0" encoding="UTF-8"?>
<!-- Generated by org.testng.reporters.JUnitReportReporter -->
<testsuite hostname="KAUSTABH" failures="0" tests="1" name="Practise.Demo2" time="0.011" errors="0" timestamp="2023-08-27T18:46:12 IST" skipped="0">
  <testcase classname="Practise.Demo2" name="demo" time="0.011"/>
  <system-out/>
</testsuite> <!-- Practise.Demo2 -->
